2024-02-06 12:44:57,881 INFO o.a.j.u.JMeterUtils: Setting Locale to en_EN
2024-02-06 12:44:57,906 INFO o.a.j.JMeter: Loading user properties from: J:\apache-jmeter-5.6.3\bin\user.properties
2024-02-06 12:44:57,907 INFO o.a.j.JMeter: Loading system properties from: J:\apache-jmeter-5.6.3\bin\system.properties
2024-02-06 12:44:57,914 INFO o.a.j.JMeter: Copyright (c) 1998-2024 The Apache Software Foundation
2024-02-06 12:44:57,914 INFO o.a.j.JMeter: Version 5.6.3
2024-02-06 12:44:57,914 INFO o.a.j.JMeter: java.version=21.0.1
2024-02-06 12:44:57,914 INFO o.a.j.JMeter: java.vm.name=Java HotSpot(TM) 64-Bit Server VM
2024-02-06 12:44:57,914 INFO o.a.j.JMeter: os.name=Windows 10
2024-02-06 12:44:57,914 INFO o.a.j.JMeter: os.arch=amd64
2024-02-06 12:44:57,915 INFO o.a.j.JMeter: os.version=10.0
2024-02-06 12:44:57,915 INFO o.a.j.JMeter: file.encoding=UTF-8
2024-02-06 12:44:57,915 INFO o.a.j.JMeter: java.awt.headless=true
2024-02-06 12:44:57,915 INFO o.a.j.JMeter: Max memory     =1073741824
2024-02-06 12:44:57,915 INFO o.a.j.JMeter: Available Processors =8
2024-02-06 12:44:57,927 INFO o.a.j.JMeter: Default Locale=English (EN)
2024-02-06 12:44:57,928 INFO o.a.j.JMeter: JMeter  Locale=English (EN)
2024-02-06 12:44:57,928 INFO o.a.j.JMeter: JMeterHome=J:\apache-jmeter-5.6.3
2024-02-06 12:44:57,928 INFO o.a.j.JMeter: user.dir  =D:\RSDET\Assignment 2 on Jmeter
2024-02-06 12:44:57,928 INFO o.a.j.JMeter: PWD       =D:\RSDET\Assignment 2 on Jmeter
2024-02-06 12:45:02,463 INFO o.a.j.JMeter: IP: 192.168.56.1 Name: DESKTOP-N753KCO FullName: DESKTOP-N753KCO
2024-02-06 12:45:02,478 INFO o.a.j.JMeter: Setting property 'jmeter.reportgenerator.outputdir' to:'D:\RSDET\Assignment 2 on Jmeter\Reports'
2024-02-06 12:45:02,481 INFO o.a.j.s.FileServer: Default base='D:\RSDET\Assignment 2 on Jmeter'
2024-02-06 12:45:02,482 INFO o.a.j.s.FileServer: Set new base='D:\RSDET\Assignment 2 on Jmeter\.'
2024-02-06 12:45:02,744 INFO o.a.j.s.SaveService: Testplan (JMX) version: 2.2. Testlog (JTL) version: 2.2
2024-02-06 12:45:02,788 INFO o.a.j.s.SaveService: Using SaveService properties version 5.0
2024-02-06 12:45:02,792 INFO o.a.j.s.SaveService: Using SaveService properties file encoding UTF-8
2024-02-06 12:45:02,797 INFO o.a.j.s.SaveService: Loading file: .\demo-transaction-api-jmeter.jmx
2024-02-06 12:45:02,916 INFO o.a.j.p.h.s.HTTPSamplerBase: Parser for text/html is org.apache.jmeter.protocol.http.parser.LagartoBasedHtmlParser
2024-02-06 12:45:02,916 INFO o.a.j.p.h.s.HTTPSamplerBase: Parser for application/xhtml+xml is org.apache.jmeter.protocol.http.parser.LagartoBasedHtmlParser
2024-02-06 12:45:02,916 INFO o.a.j.p.h.s.HTTPSamplerBase: Parser for application/xml is org.apache.jmeter.protocol.http.parser.LagartoBasedHtmlParser
2024-02-06 12:45:02,916 INFO o.a.j.p.h.s.HTTPSamplerBase: Parser for text/xml is org.apache.jmeter.protocol.http.parser.LagartoBasedHtmlParser
2024-02-06 12:45:02,916 INFO o.a.j.p.h.s.HTTPSamplerBase: Parser for text/vnd.wap.wml is org.apache.jmeter.protocol.http.parser.RegexpHTMLParser
2024-02-06 12:45:02,916 INFO o.a.j.p.h.s.HTTPSamplerBase: Parser for text/css is org.apache.jmeter.protocol.http.parser.CssParser
2024-02-06 12:45:02,963 INFO o.a.j.JMeter: Creating summariser <summary>
2024-02-06 12:45:02,968 INFO o.a.j.r.d.ReportGenerator: ReportGenerator will use for Parsing the separator: ','
2024-02-06 12:45:02,968 INFO o.a.j.r.d.ReportGenerator: Will generate report at end of test from  results file: .\\demo-transaction-api-jmeter.jtl
2024-02-06 12:45:02,968 INFO o.a.j.r.d.ReportGenerator: Reading report generator properties from: J:\apache-jmeter-5.6.3\bin\reportgenerator.properties
2024-02-06 12:45:02,979 INFO o.a.j.r.d.ReportGenerator: Merging with JMeter properties
2024-02-06 12:45:02,994 INFO o.a.j.r.c.ReportGeneratorConfiguration: Property 'jmeter.reportgenerator.temp_dir' not found, using default value 'temp' instead.
2024-02-06 12:45:02,997 INFO o.a.j.r.c.ReportGeneratorConfiguration: Property 'jmeter.reportgenerator.apdex_per_transaction' not found, using default value 'null' instead.
2024-02-06 12:45:02,997 INFO o.a.j.r.c.ReportGeneratorConfiguration: apdex_per_transaction is empty, not APDEX per transaction customization
2024-02-06 12:45:02,998 INFO o.a.j.r.c.ReportGeneratorConfiguration: Property 'jmeter.reportgenerator.sample_filter' not found, using default value 'null' instead.
2024-02-06 12:45:02,998 INFO o.a.j.r.c.ReportGeneratorConfiguration: Property 'jmeter.reportgenerator.report_title' not found, using default value 'null' instead.
2024-02-06 12:45:02,998 INFO o.a.j.r.c.ReportGeneratorConfiguration: Property 'jmeter.reportgenerator.start_date' not found, using default value 'null' instead.
2024-02-06 12:45:02,998 INFO o.a.j.r.c.ReportGeneratorConfiguration: Property 'jmeter.reportgenerator.end_date' not found, using default value 'null' instead.
2024-02-06 12:45:02,998 INFO o.a.j.r.c.ReportGeneratorConfiguration: Property 'jmeter.reportgenerator.date_format' not found, using default value 'null' instead.
2024-02-06 12:45:02,998 INFO o.a.j.r.c.ReportGeneratorConfiguration: Will use date range start date: null, end date: null
2024-02-06 12:45:03,004 INFO o.a.j.r.c.ReportGeneratorConfiguration: Property 'jmeter.reportgenerator.graph.totalTPS.exclude_controllers' not found, using default value 'false' instead.
2024-02-06 12:45:03,004 INFO o.a.j.r.c.ReportGeneratorConfiguration: Property 'jmeter.reportgenerator.graph.activeThreadsOverTime.exclude_controllers' not found, using default value 'false' instead.
2024-02-06 12:45:03,004 INFO o.a.j.r.c.ReportGeneratorConfiguration: Property 'jmeter.reportgenerator.graph.timeVsThreads.exclude_controllers' not found, using default value 'false' instead.
2024-02-06 12:45:03,004 INFO o.a.j.r.c.ReportGeneratorConfiguration: Property 'jmeter.reportgenerator.graph.responseTimeDistribution.exclude_controllers' not found, using default value 'false' instead.
2024-02-06 12:45:03,004 INFO o.a.j.r.c.ReportGeneratorConfiguration: Property 'jmeter.reportgenerator.graph.transactionsPerSecond.exclude_controllers' not found, using default value 'false' instead.
2024-02-06 12:45:03,004 INFO o.a.j.r.c.ReportGeneratorConfiguration: Property 'jmeter.reportgenerator.graph.responseTimePercentiles.exclude_controllers' not found, using default value 'false' instead.
2024-02-06 12:45:03,005 INFO o.a.j.r.c.ReportGeneratorConfiguration: Property 'jmeter.reportgenerator.graph.responseTimePercentilesOverTime.exclude_controllers' not found, using default value 'false' instead.
2024-02-06 12:45:03,005 INFO o.a.j.r.c.ReportGeneratorConfiguration: Property 'jmeter.reportgenerator.graph.responseTimesOverTime.exclude_controllers' not found, using default value 'false' instead.
2024-02-06 12:45:03,005 INFO o.a.j.r.c.ReportGeneratorConfiguration: Property 'jmeter.reportgenerator.graph.connectTimeOverTime.exclude_controllers' not found, using default value 'false' instead.
2024-02-06 12:45:03,005 INFO o.a.j.r.c.ReportGeneratorConfiguration: Property 'jmeter.reportgenerator.graph.latenciesOverTime.exclude_controllers' not found, using default value 'false' instead.
2024-02-06 12:45:03,006 INFO o.a.j.r.c.ReportGeneratorConfiguration: Property 'jmeter.reportgenerator.exporter.json.filters_only_sample_series' not found, using default value 'true' instead.
2024-02-06 12:45:03,007 INFO o.a.j.r.c.ReportGeneratorConfiguration: Property 'jmeter.reportgenerator.exporter.json.series_filter' not found, using default value '' instead.
2024-02-06 12:45:03,007 INFO o.a.j.r.c.ReportGeneratorConfiguration: Property 'jmeter.reportgenerator.exporter.json.show_controllers_only' not found, using default value 'false' instead.
2024-02-06 12:45:03,007 INFO o.a.j.r.c.ReportGeneratorConfiguration: Property 'jmeter.reportgenerator.exporter.html.filters_only_sample_series' not found, using default value 'true' instead.
2024-02-06 12:45:03,007 INFO o.a.j.r.c.ReportGeneratorConfiguration: Property 'jmeter.reportgenerator.exporter.html.series_filter' not found, using default value '' instead.
2024-02-06 12:45:03,007 INFO o.a.j.r.c.ReportGeneratorConfiguration: Property 'jmeter.reportgenerator.exporter.html.show_controllers_only' not found, using default value 'false' instead.
2024-02-06 12:45:03,044 INFO o.a.j.e.StandardJMeterEngine: Running the test!
2024-02-06 12:45:03,045 INFO o.a.j.s.SampleEvent: List of sample_variables: []
2024-02-06 12:45:03,045 INFO o.a.j.s.SampleEvent: List of sample_variables: []
2024-02-06 12:45:03,053 INFO o.a.j.e.u.CompoundVariable: Note: Function class names must contain the string: '.functions.'
2024-02-06 12:45:03,053 INFO o.a.j.e.u.CompoundVariable: Note: Function class names must not contain the string: '.gui.'
2024-02-06 12:45:03,188 INFO o.a.j.JMeter: Running test (1707201903188)
2024-02-06 12:45:03,206 INFO o.a.j.e.StandardJMeterEngine: Starting ThreadGroup: 1 : demo-transaction-api-jmeter
2024-02-06 12:45:03,206 INFO o.a.j.e.StandardJMeterEngine: Starting 1 threads for group demo-transaction-api-jmeter.
2024-02-06 12:45:03,206 INFO o.a.j.e.StandardJMeterEngine: Thread will continue on error
2024-02-06 12:45:03,207 INFO o.a.j.t.ThreadGroup: Starting thread group... number=1 threads=1 ramp-up=1 delayedStart=false
2024-02-06 12:45:03,211 INFO o.a.j.t.ThreadGroup: Started thread group number 1
2024-02-06 12:45:03,211 INFO o.a.j.e.StandardJMeterEngine: All thread groups have been started
2024-02-06 12:45:03,247 INFO o.a.j.t.JMeterThread: Thread started: demo-transaction-api-jmeter 1-1
2024-02-06 12:45:03,250 ERROR o.a.j.c.RandomVariableConfig: maximum() must be >= minimum(1)
2024-02-06 12:45:03,264 INFO o.a.j.p.h.s.HTTPHCAbstractImpl: Local host = DESKTOP-N753KCO
2024-02-06 12:45:03,270 INFO o.a.j.p.h.s.HTTPHC4Impl: HTTP request retry count = 0
2024-02-06 12:45:03,271 INFO o.a.j.s.SampleResult: Note: Sample TimeStamps are START times
2024-02-06 12:45:03,271 INFO o.a.j.s.SampleResult: sampleresult.default.encoding is set to UTF-8
2024-02-06 12:45:03,272 INFO o.a.j.s.SampleResult: sampleresult.useNanoTime=true
2024-02-06 12:45:03,272 INFO o.a.j.s.SampleResult: sampleresult.nanoThreadSleep=5000
2024-02-06 12:45:03,357 INFO o.a.j.p.h.s.h.LazyLayeredConnectionSocketFactory: Setting up HTTPS TrustAll Socket Factory
2024-02-06 12:45:03,364 INFO o.a.j.u.JsseSSLManager: Using default SSL protocol: TLS
2024-02-06 12:45:03,364 INFO o.a.j.u.JsseSSLManager: SSL session context: per-thread
2024-02-06 12:45:03,442 INFO o.a.j.u.SSLManager: JmeterKeyStore Location:  type JKS
2024-02-06 12:45:03,445 INFO o.a.j.u.SSLManager: KeyStore created OK
2024-02-06 12:45:03,446 WARN o.a.j.u.SSLManager: Keystore file not found, loading empty keystore
2024-02-06 12:45:04,139 INFO o.a.j.r.Summariser: summary +      1 in 00:00:01 =    1.1/s Avg:   762 Min:   762 Max:   762 Err:     0 (0.00%) Active: 1 Started: 1 Finished: 0
2024-02-06 12:45:04,364 INFO o.a.j.t.JMeterThread: Thread is done: demo-transaction-api-jmeter 1-1
2024-02-06 12:45:04,364 INFO o.a.j.t.JMeterThread: Thread finished: demo-transaction-api-jmeter 1-1
2024-02-06 12:45:04,366 INFO o.a.j.e.StandardJMeterEngine: Notifying test listeners of end of test
2024-02-06 12:45:04,367 INFO o.a.j.r.Summariser: summary +      7 in 00:00:00 =   30.4/s Avg:    31 Min:    22 Max:    52 Err:     0 (0.00%) Active: 0 Started: 1 Finished: 1
2024-02-06 12:45:04,368 INFO o.a.j.r.Summariser: summary =      8 in 00:00:01 =    6.8/s Avg:   122 Min:    22 Max:   762 Err:     0 (0.00%)
2024-02-06 12:45:04,369 INFO o.a.j.JMeter: Generating Dashboard
2024-02-06 12:45:04,369 INFO o.a.j.r.d.ReportGenerator: Flushing result collector before report Generation
2024-02-06 12:45:04,389 INFO o.a.j.r.p.NormalizerSampleConsumer: Using format, 'ms', to parse timeStamp field
2024-02-06 12:45:04,488 INFO o.a.j.r.p.AbstractSampleConsumer: class org.apache.jmeter.report.processor.AggregateConsumer#stopProducing(): beginDate produced 0 samples
2024-02-06 12:45:04,488 INFO o.a.j.r.p.AbstractSampleConsumer: class org.apache.jmeter.report.processor.AggregateConsumer#stopProducing(): endDate produced 0 samples
2024-02-06 12:45:04,491 INFO o.a.j.r.p.AbstractSampleConsumer: class org.apache.jmeter.report.processor.ApdexSummaryConsumer#stopProducing(): apdexSummary produced 0 samples
2024-02-06 12:45:04,491 INFO o.a.j.r.p.AbstractSampleConsumer: class org.apache.jmeter.report.processor.RequestsSummaryConsumer#stopProducing(): requestsSummary produced 0 samples
2024-02-06 12:45:04,499 INFO o.a.j.r.p.AbstractSampleConsumer: class org.apache.jmeter.report.processor.StatisticsSummaryConsumer#stopProducing(): statisticsSummary produced 0 samples
2024-02-06 12:45:04,502 INFO o.a.j.r.p.AbstractSampleConsumer: class org.apache.jmeter.report.processor.Top5ErrorsBySamplerConsumer#stopProducing(): top5ErrorsBySampler produced 0 samples
2024-02-06 12:45:04,502 INFO o.a.j.r.p.AbstractSampleConsumer: class org.apache.jmeter.report.processor.ErrorsSummaryConsumer#stopProducing(): errorsSummary produced 0 samples
2024-02-06 12:45:04,502 INFO o.a.j.r.p.AbstractSampleConsumer: class org.apache.jmeter.report.processor.graph.impl.HitsPerSecondGraphConsumer#stopProducing(): hitsPerSecond produced 0 samples
2024-02-06 12:45:04,525 INFO o.a.j.r.p.AbstractSampleConsumer: class org.apache.jmeter.report.processor.graph.impl.LatencyVSRequestGraphConsumer#stopProducing(): latencyVsRequest produced 0 samples
2024-02-06 12:45:04,526 INFO o.a.j.r.p.AbstractSampleConsumer: class org.apache.jmeter.report.processor.graph.impl.SyntheticResponseTimeDistributionGraphConsumer#stopProducing(): syntheticResponseTimeDistribution produced 0 samples
2024-02-06 12:45:04,526 INFO o.a.j.r.p.AbstractSampleConsumer: class org.apache.jmeter.report.processor.graph.impl.BytesThroughputGraphConsumer#stopProducing(): bytesThroughputOverTime produced 0 samples
2024-02-06 12:45:04,526 INFO o.a.j.r.p.AbstractSampleConsumer: class org.apache.jmeter.report.processor.graph.impl.CodesPerSecondGraphConsumer#stopProducing(): codesPerSecond produced 0 samples
2024-02-06 12:45:04,531 INFO o.a.j.r.p.AbstractSampleConsumer: class org.apache.jmeter.report.processor.graph.impl.ResponseTimeVSRequestGraphConsumer#stopProducing(): responseTimeVsRequest produced 0 samples
2024-02-06 12:45:04,531 INFO o.a.j.r.p.AbstractSampleConsumer: class org.apache.jmeter.report.processor.FilterConsumer#stopProducing(): startIntervalControlerFilter produced 56 samples
2024-02-06 12:45:04,531 INFO o.a.j.r.p.AbstractSampleConsumer: class org.apache.jmeter.report.processor.graph.impl.TotalTPSGraphConsumer#stopProducing(): totalTPS produced 0 samples
2024-02-06 12:45:04,532 INFO o.a.j.r.p.AbstractSampleConsumer: class org.apache.jmeter.report.processor.graph.impl.ActiveThreadsGraphConsumer#stopProducing(): activeThreadsOverTime produced 0 samples
2024-02-06 12:45:04,532 INFO o.a.j.r.p.AbstractSampleConsumer: class org.apache.jmeter.report.processor.graph.impl.TimeVSThreadGraphConsumer#stopProducing(): timeVsThreads produced 0 samples
2024-02-06 12:45:04,532 INFO o.a.j.r.p.AbstractSampleConsumer: class org.apache.jmeter.report.processor.graph.impl.ResponseTimeDistributionGraphConsumer#stopProducing(): responseTimeDistribution produced 0 samples
2024-02-06 12:45:04,532 INFO o.a.j.r.p.AbstractSampleConsumer: class org.apache.jmeter.report.processor.graph.impl.TransactionsPerSecondGraphConsumer#stopProducing(): transactionsPerSecond produced 0 samples
2024-02-06 12:45:04,533 INFO o.a.j.r.p.AbstractSampleConsumer: class org.apache.jmeter.report.processor.graph.impl.ResponseTimePercentilesGraphConsumer#stopProducing(): responseTimePercentiles produced 0 samples
2024-02-06 12:45:04,535 INFO o.a.j.r.p.AbstractSampleConsumer: class org.apache.jmeter.report.processor.graph.impl.ResponseTimePercentilesOverTimeGraphConsumer#stopProducing(): responseTimePercentilesOverTime produced 0 samples
2024-02-06 12:45:04,536 INFO o.a.j.r.p.AbstractSampleConsumer: class org.apache.jmeter.report.processor.graph.impl.ResponseTimeOverTimeGraphConsumer#stopProducing(): responseTimesOverTime produced 0 samples
2024-02-06 12:45:04,536 INFO o.a.j.r.p.AbstractSampleConsumer: class org.apache.jmeter.report.processor.graph.impl.ConnectTimeOverTimeGraphConsumer#stopProducing(): connectTimeOverTime produced 0 samples
2024-02-06 12:45:04,536 INFO o.a.j.r.p.AbstractSampleConsumer: class org.apache.jmeter.report.processor.graph.impl.LatencyOverTimeGraphConsumer#stopProducing(): latenciesOverTime produced 0 samples
2024-02-06 12:45:04,537 INFO o.a.j.r.p.AbstractSampleConsumer: class org.apache.jmeter.report.processor.FilterConsumer#stopProducing(): nameFilter produced 120 samples
2024-02-06 12:45:04,537 INFO o.a.j.r.p.AbstractSampleConsumer: class org.apache.jmeter.report.processor.FilterConsumer#stopProducing(): dateRangeFilter produced 24 samples
2024-02-06 12:45:04,537 INFO o.a.j.r.p.AbstractSampleConsumer: class org.apache.jmeter.report.processor.NormalizerSampleConsumer#stopProducing(): normalizer produced 8 samples
2024-02-06 12:45:04,537 INFO o.a.j.r.p.CsvFileSampleSource: produce(): 8 samples produced in 117ms on channel 0
2024-02-06 12:45:04,537 INFO o.a.j.r.d.ReportGenerator: Exporting data using exporter:'json' of className:'org.apache.jmeter.report.dashboard.JsonExporter'
2024-02-06 12:45:04,635 INFO o.a.j.r.d.JsonExporter: Found data for consumer statisticsSummary in context
2024-02-06 12:45:04,635 INFO o.a.j.r.d.JsonExporter: Creating statistics for overall
2024-02-06 12:45:04,636 INFO o.a.j.r.d.JsonExporter: Creating statistics for other transactions
2024-02-06 12:45:04,636 INFO o.a.j.r.d.JsonExporter: Checking output folder
2024-02-06 12:45:04,637 INFO o.a.j.r.d.JsonExporter: Writing statistics JSON to D:\RSDET\Assignment 2 on Jmeter\Reports\statistics.json
2024-02-06 12:45:04,718 INFO o.a.j.r.d.ReportGenerator: Exporting data using exporter:'html' of className:'org.apache.jmeter.report.dashboard.HtmlTemplateExporter'
2024-02-06 12:45:04,735 INFO o.a.j.r.d.HtmlTemplateExporter: Will generate dashboard in folder: D:\RSDET\Assignment 2 on Jmeter\Reports
2024-02-06 12:45:04,965 INFO o.a.j.r.d.HtmlTemplateExporter: Report will be generated in: D:\RSDET\Assignment 2 on Jmeter\Reports, creating folder structure
2024-02-06 12:45:04,970 INFO o.a.j.r.d.TemplateVisitor: Copying folder from 'J:\apache-jmeter-5.6.3\bin\report-template' to 'D:\RSDET\Assignment 2 on Jmeter\Reports', got message: D:\RSDET\Assignment 2 on Jmeter\Reports, found non empty folder with following content [D:\RSDET\Assignment 2 on Jmeter\Reports\statistics.json], will be ignored
2024-02-06 12:45:05,992 INFO o.a.j.JMeter: Dashboard generated
